2025-09-27T15:03:57.555Z INFO SharedStateManager initialized
2025-09-27T15:03:57.556Z INFO [Migration] Checking for database migration...
2025-09-27T15:03:57.557Z INFO [Migration] No migration needed
2025-09-27T15:03:57.557Z INFO [MainProvider] Creating new MainProvider instance...
2025-09-27T15:03:57.562Z INFO [c:\Users\atind\.vscode\extensions\pythagoratechnologies.pythagora-vs-code-2.5.8] Project root:
2025-09-27T15:03:57.562Z INFO [c:\Users\atind\.vscode\extensions\pythagoratechnologies.pythagora-vs-code-2.5.8\prisma\schema.prisma] Schema path:
2025-09-27T15:03:57.562Z INFO [file:C:\Users\atind\AppData\Local\Temp\pythagora-temp\pythagora.db] Database URL:
2025-09-27T15:03:57.562Z INFO [true] Schema exists:
2025-09-27T15:03:57.563Z INFO Running prisma generate first...
2025-09-27T15:04:02.916Z INFO [Prisma schema loaded from prisma\schema.prisma

✔ Generated Prisma Client (6.16.2) to .\src\generated\prisma in 202ms

] Prisma generate result:
2025-09-27T15:04:03.191Z INFO Running prisma db push to sync schema...
2025-09-27T15:04:05.305Z INFO [Prisma schema loaded from prisma\schema.prisma
Datasource "db": SQLite database "pythagora.db" at "file:C:\Users\atind\AppData\Local\Temp\pythagora-temp\pythagora.db"

SQLite database pythagora.db created at file:C:\Users\atind\AppData\Local\Temp\pythagora-temp\pythagora.db

Your database is now in sync with your Prisma schema. Done in 78ms

Running generate... (Use --skip-generate to skip the generators)
[2K[1A[2K[GRunning generate... - Prisma Client
[2K[1A[2K[G✔ Generated Prisma Client (6.16.2) to .\src\generated\prisma in 230ms

] Prisma db push result:
2025-09-27T15:04:05.306Z INFO Is remote: false
2025-09-27T15:04:05.308Z INFO Starting Local. Installation path: undefined
2025-09-27T15:04:05.308Z INFO Installation path exists: d:\PPS\PPS_Lab\PPS_Lab\Example-1
2025-09-27T15:05:10.362Z INFO MainProvider handleMessage {"type":"codeScreenActivated","activeScreen":"code","reason":"file_opened","route":"forwardToLeft","source":"tabsManager"}
2025-09-27T15:05:11.453Z INFO MainProvider handleMessage {"command":"centerBarReady","data":{},"source":"center"}
2025-09-27T15:05:11.453Z INFO Center panel message: {"command":"centerBarReady","data":{},"source":"center"}
2025-09-27T15:05:11.454Z INFO MainProvider handleMessage {"command":"ready","data":"ready","source":"center"}
2025-09-27T15:05:11.454Z INFO Center panel message: {"command":"ready","data":"ready","source":"center"}
2025-09-27T15:05:11.454Z INFO [MainProvider] Center panel ready - processing ready handler
2025-09-27T15:05:11.455Z INFO [MainProvider] Center panel ready - flushing 0 buffered messages
2025-09-27T15:05:11.455Z INFO [Message Router] Routing getProjectInfo through unified router
2025-09-27T15:05:14.959Z INFO MainProvider: Center panel disposed
2025-09-27T15:06:20.074Z INFO Closing entire Pythagora extension...
2025-09-27T15:06:20.079Z ERROR Error closing extension
Error: Canceled
Stack: Canceled: Canceled
    at new CR (file:///c:/Users/atind/AppData/Local/Programs/Microsoft%20VS%20Code/resources/app/out/vs/workbench/api/node/extensionHostProcess.js:29:115607)
    at j4.U (file:///c:/Users/atind/AppData/Local/Programs/Microsoft%20VS%20Code/resources/app/out/vs/workbench/api/node/extensionHostProcess.js:29:120217)
    at Proxy.s.<computed>.n.charCodeAt.s.<computed> (file:///c:/Users/atind/AppData/Local/Programs/Microsoft%20VS%20Code/resources/app/out/vs/workbench/api/node/extensionHostProcess.js:29:117711)
    at Kb.g (file:///c:/Users/atind/AppData/Local/Programs/Microsoft%20VS%20Code/resources/app/out/vs/workbench/api/node/extensionHostProcess.js:112:41045)
    at Kb.executeCommand (file:///c:/Users/atind/AppData/Local/Programs/Microsoft%20VS%20Code/resources/app/out/vs/workbench/api/node/extensionHostProcess.js:112:40549)
    at Object.executeCommand (file:///c:/Users/atind/AppData/Local/Programs/Microsoft%20VS%20Code/resources/app/out/vs/workbench/api/node/extensionHostProcess.js:199:103656)
    at closeEntirePythagoraExtension (c:\Users\atind\.vscode\extensions\pythagoratechnologies.pythagora-vs-code-2.5.8\out\extension.js:380:31)
    at Object.deactivate (c:\Users\atind\.vscode\extensions\pythagoratechnologies.pythagora-vs-code-2.5.8\out\extension.js:290:15)
    at aJ.eb (file:///c:/Users/atind/AppData/Local/Programs/Microsoft%20VS%20Code/resources/app/out/vs/workbench/api/node/extensionHostProcess.js:116:11836)
    at file:///c:/Users/atind/AppData/Local/Programs/Microsoft%20VS%20Code/resources/app/out/vs/workbench/api/node/extensionHostProcess.js:116:9986
    at Array.map (<anonymous>)
    at aJ.$ (file:///c:/Users/atind/AppData/Local/Programs/Microsoft%20VS%20Code/resources/app/out/vs/workbench/api/node/extensionHostProcess.js:116:9974)
    at aJ.terminate (file:///c:/Users/atind/AppData/Local/Programs/Microsoft%20VS%20Code/resources/app/out/vs/workbench/api/node/extensionHostProcess.js:116:10217)
    at RP.terminate (file:///c:/Users/atind/AppData/Local/Programs/Microsoft%20VS%20Code/resources/app/out/vs/workbench/api/node/extensionHostProcess.js:118:914)
    at bs (file:///c:/Users/atind/AppData/Local/Programs/Microsoft%20VS%20Code/resources/app/out/vs/workbench/api/node/extensionHostProcess.js:391:10410)
    at MessagePortMain.<anonymous> (file:///c:/Users/atind/AppData/Local/Programs/Microsoft%20VS%20Code/resources/app/out/vs/workbench/api/node/extensionHostProcess.js:391:6949)
    at MessagePortMain.emit (node:events:518:28)
    at Object.MessagePortMain._internalPort.emit (node:electron/js2c/utility_init:2:2949)
